2024.07.26 20:05:12 INFO  Started: Metals version 1.3.4 in folders 'H:\Codes\Scala\work' for client Visual Studio Code 1.91.1.
2024.07.26 20:05:13 INFO  time: initialize in 0.12s
SLF4J(W): Class path contains multiple SLF4J providers.
SLF4J(W): Found provider [scribe.slf4j.ScribeServiceProvider@64a8ab7c]
SLF4J(W): Found provider [ch.qos.logback.classic.spi.LogbackServiceProvider@7267b5cb]
SLF4J(W): See https://www.slf4j.org/codes.html#multiple_bindings for an explanation.
SLF4J(I): Actual provider is of type [scribe.slf4j.ScribeServiceProvider@64a8ab7c]
2024.07.26 20:05:14 WARN  Flyway upgrade recommended: H2 2.3.230 is newer than this version of Flyway and support has not been tested. The latest supported version of H2 is 2.2.220.
2024.07.26 20:05:14 INFO  no build target found for H:\Codes\Scala\work\ScalaExample.scala. Using presentation compiler with project's scala-library version: 3.3.3
2024.07.26 20:05:19 INFO  no build target found for H:\Codes\Scala\work\ScalaExample.scala. Using presentation compiler with project's scala-library version: 3.3.3
Jul 26, 2024 8:05:19 PM org.eclipse.lsp4j.jsonrpc.RemoteEndpoint handleCancellation
WARNING: Unmatched cancel notification for request id 3
Jul 26, 2024 8:05:20 PM org.eclipse.lsp4j.jsonrpc.RemoteEndpoint handleCancellation
WARNING: Unmatched cancel notification for request id 4
Jul 26, 2024 8:05:20 PM org.eclipse.lsp4j.jsonrpc.RemoteEndpoint handleCancellation
WARNING: Unmatched cancel notification for request id 7
2024.07.26 20:05:20 INFO  no build target found for H:\Codes\Scala\work\ScalaExample.scala. Using presentation compiler with project's scala-library version: 3.3.3
Jul 26, 2024 8:05:20 PM org.eclipse.lsp4j.jsonrpc.RemoteEndpoint handleCancellation
WARNING: Unmatched cancel notification for request id 8
Jul 26, 2024 8:05:20 PM org.eclipse.lsp4j.jsonrpc.RemoteEndpoint handleCancellation
WARNING: Unmatched cancel notification for request id 13
2024.07.26 20:05:20 INFO  no build target found for H:\Codes\Scala\work\ScalaExample.scala. Using presentation compiler with project's scala-library version: 3.3.3
Jul 26, 2024 8:05:20 PM org.eclipse.lsp4j.jsonrpc.RemoteEndpoint handleCancellation
WARNING: Unmatched cancel notification for request id 12
Jul 26, 2024 8:05:20 PM org.eclipse.lsp4j.jsonrpc.RemoteEndpoint handleCancellation
WARNING: Unmatched cancel notification for request id 18
Jul 26, 2024 8:05:20 PM org.eclipse.lsp4j.jsonrpc.RemoteEndpoint handleCancellation
WARNING: Unmatched cancel notification for request id 20
Jul 26, 2024 8:05:20 PM org.eclipse.lsp4j.jsonrpc.RemoteEndpoint handleCancellation
WARNING: Unmatched cancel notification for request id 17
2024.07.26 20:05:20 INFO  no build target found for H:\Codes\Scala\work\ScalaExample.scala. Using presentation compiler with project's scala-library version: 3.3.3
Jul 26, 2024 8:05:20 PM org.eclipse.lsp4j.jsonrpc.RemoteEndpoint handleCancellation
WARNING: Unmatched cancel notification for request id 19
2024.07.26 20:05:22 INFO  no build target found for H:\Codes\Scala\work\ScalaExample.scala. Using presentation compiler with project's scala-library version: 3.3.3
2024.07.26 20:05:22 INFO  no build target found for H:\Codes\Scala\work\ScalaExample.scala. Using presentation compiler with project's scala-library version: 3.3.3
2024.07.26 20:05:23 INFO  Running List(C:\Users\ajitj\AppData\Local\Coursier\data\bin\scala-cli.BAT, setup-ide, H:\Codes\Scala\work)
2024.07.26 20:05:23 INFO  no build target found for H:\Codes\Scala\work\ScalaExample.scala. Using presentation compiler with project's scala-library version: 3.3.3
2024.07.26 20:05:23 INFO  no build target found for H:\Codes\Scala\work\ScalaExample.scala. Using presentation compiler with project's scala-library version: 3.3.3
2024.07.26 20:05:24 INFO  Attempting to connect to the build server...
2024.07.26 20:05:24 INFO  Running BSP server List(C:\Users\ajitj\AppData\Local\Coursier\data\bin\.scala-cli.aux.exe, bsp, --json-options, H:\Codes\Scala\work\.scala-build\ide-options-v2.json, H:\Codes\Scala\work)
2024.07.26 20:05:24 INFO  tracing is disabled for protocol BSP, to enable tracing of incoming and outgoing JSON messages create an empty file at H:\Codes\Scala\work\.metals\bsp.trace.json or C:\Users\ajitj\AppData\Local\scalameta\metals\cache\bsp.trace.json
2024.07.26 20:05:25 INFO  no build target found for H:\Codes\Scala\work\ScalaExample.scala. Using presentation compiler with project's scala-library version: 3.3.3
2024.07.26 20:05:25 INFO  no build target found for H:\Codes\Scala\work\ScalaExample.scala. Using presentation compiler with project's scala-library version: 3.3.3
2024.07.26 20:05:25 INFO  no build target found for H:\Codes\Scala\work\ScalaExample.scala. Using presentation compiler with project's scala-library version: 3.3.3
2024.07.26 20:05:26 INFO  no build target found for H:\Codes\Scala\work\ScalaExample.scala. Using presentation compiler with project's scala-library version: 3.3.3
2024.07.26 20:05:26 INFO  no build target found for H:\Codes\Scala\work\ScalaExample.scala. Using presentation compiler with project's scala-library version: 3.3.3
2024.07.26 20:05:26 INFO  no build target found for H:\Codes\Scala\work\ScalaExample.scala. Using presentation compiler with project's scala-library version: 3.3.3
2024.07.26 20:05:26 INFO  no build target found for H:\Codes\Scala\work\ScalaExample.scala. Using presentation compiler with project's scala-library version: 3.3.3
2024.07.26 20:05:28 INFO  no build target found for H:\Codes\Scala\work\ScalaExample.scala. Using presentation compiler with project's scala-library version: 3.3.3
2024.07.26 20:05:28 INFO  no build target found for H:\Codes\Scala\work\ScalaExample.scala. Using presentation compiler with project's scala-library version: 3.3.3
2024.07.26 20:05:29 INFO  no build target found for H:\Codes\Scala\work\ScalaExample.scala. Using presentation compiler with project's scala-library version: 3.3.3
2024.07.26 20:05:31 INFO  no build target found for H:\Codes\Scala\work\ScalaExample.scala. Using presentation compiler with project's scala-library version: 3.3.3
2024.07.26 20:05:32 INFO  time: Connected to build server in 7.56s
2024.07.26 20:05:32 INFO  Connected to Build server: scala-cli v0.2.0
2024.07.26 20:05:32 INFO  running doctor check
2024.07.26 20:05:32 INFO  java targets: project_bd2c96d2de-test, project_bd2c96d2de
2024.07.26 20:05:32 INFO  compiling project_bd2c96d2de (1 scala source)
2024.07.26 20:05:33 INFO  time: compiled project_bd2c96d2de in 1.15s
2024.07.26 20:05:33 INFO  time: compiled project_bd2c96d2de in 0.12s
Jul 26, 2024 8:05:35 PM org.eclipse.lsp4j.jsonrpc.RemoteEndpoint handleCancellation
WARNING: Unmatched cancel notification for request id 85
2024.07.26 20:05:39 WARN  Flyway upgrade recommended: H2 2.3.230 is newer than this version of Flyway and support has not been tested. The latest supported version of H2 is 2.2.220.
2024.07.26 20:05:42 INFO  time: indexed workspace in 10s
2024.07.26 20:05:43 INFO  time: compiled project_bd2c96d2de in 12ms
2024.07.26 20:05:43 INFO  time: compiled project_bd2c96d2de in 7ms
2024.07.26 20:06:10 INFO  compiling project_bd2c96d2de (1 scala source)
2024.07.26 20:06:10 INFO  time: compiled project_bd2c96d2de in 0.17s
2024.07.26 20:06:17 INFO  file:///H:/Codes/Scala/work/ScalaExample.scala:2:35: stale bloop error: '=' expected, but '{' found
    def main(args: Array[String]) {
                                  ^
2024.07.26 20:06:17 INFO  file:///H:/Codes/Scala/work/ScalaExample.scala:2:35: stale bloop error: '=' expected, but '{' found
    def main(args: Array[String]) {
                                  ^
2024.07.26 20:06:17 WARN  Could not find semantic tokens for: file:///H:/Codes/Scala/work/ScalaExample.scala
2024.07.26 20:06:19 INFO  compiling project_bd2c96d2de (1 scala source)
2024.07.26 20:06:19 INFO  time: compiled project_bd2c96d2de in 47ms
Jul 26, 2024 8:07:00 PM org.eclipse.lsp4j.jsonrpc.RemoteEndpoint handleCancellation
WARNING: Unmatched cancel notification for request id 206
2024.07.26 20:07:13 INFO  compiling project_bd2c96d2de (1 scala source)
2024.07.26 20:07:13 INFO  time: compiled project_bd2c96d2de in 65ms
2024.07.26 20:07:17 ERROR Failed to tokenize input for semantic tokens for H:\Codes\Scala\work\ScalaExample.scala
scala.meta.tokenizers.TokenizeException: <input>:3: error: unclosed string interpolation
    print(ajit")
               ^
	at scala.meta.internal.tokenizers.Reporter.syntaxError(Reporter.scala:23)
	at scala.meta.internal.tokenizers.Reporter.syntaxError$(Reporter.scala:23)
	at scala.meta.internal.tokenizers.Reporter$$anon$1.syntaxError(Reporter.scala:32)
	at scala.meta.internal.tokenizers.Reporter.syntaxError(Reporter.scala:25)
	at scala.meta.internal.tokenizers.Reporter.syntaxError$(Reporter.scala:25)
	at scala.meta.internal.tokenizers.Reporter$$anon$1.syntaxError(Reporter.scala:32)
	at scala.meta.internal.tokenizers.LegacyScanner.getStringPart(LegacyScanner.scala:605)
	at scala.meta.internal.tokenizers.LegacyScanner.fetchDoubleQuote$1(LegacyScanner.scala:347)
	at scala.meta.internal.tokenizers.LegacyScanner.fetchToken(LegacyScanner.scala:363)
	at scala.meta.internal.tokenizers.LegacyScanner.nextToken(LegacyScanner.scala:201)
	at scala.meta.internal.tokenizers.LegacyScanner.foreach(LegacyScanner.scala:912)
	at scala.meta.internal.tokenizers.ScalametaTokenizer.uncachedTokenize(ScalametaTokenizer.scala:23)
	at scala.meta.internal.tokenizers.ScalametaTokenizer.$anonfun$tokenize$1(ScalametaTokenizer.scala:17)
	at scala.collection.concurrent.TrieMap.getOrElseUpdate(TrieMap.scala:960)
	at scala.meta.internal.tokenizers.ScalametaTokenizer.tokenize(ScalametaTokenizer.scala:17)
	at scala.meta.internal.tokenizers.ScalametaTokenizer$$anon$2.apply(ScalametaTokenizer.scala:322)
	at scala.meta.tokenizers.Api$XtensionTokenizeDialectInput.tokenize(Api.scala:22)
	at scala.meta.tokenizers.Api$XtensionTokenizeInputLike.tokenize(Api.scala:13)
	at scala.meta.internal.metals.SemanticTokensProvider$.getTokens(SemanticTokensProvider.scala:28)
	at scala.meta.internal.metals.SemanticTokensProvider$.provide(SemanticTokensProvider.scala:89)
	at scala.meta.internal.metals.Compilers.$anonfun$semanticTokens$3(Compilers.scala:561)
	at scala.concurrent.impl.Promise$Transformation.run(Promise.scala:467)
	at java.util.concurrent.ThreadPoolExecutor.runWorker(ThreadPoolExecutor.java:1136)
	at java.util.concurrent.ThreadPoolExecutor$Worker.run(ThreadPoolExecutor.java:635)
	at java.lang.Thread.run(Thread.java:833)

2024.07.26 20:07:23 INFO  compiling project_bd2c96d2de (1 scala source)
2024.07.26 20:07:23 INFO  time: compiled project_bd2c96d2de in 51ms
2024.07.26 20:07:30 INFO  compiling project_bd2c96d2de (1 scala source)
2024.07.26 20:07:31 INFO  time: compiled project_bd2c96d2de in 1.07s
Jul 26, 2024 8:08:07 PM org.eclipse.lsp4j.jsonrpc.RemoteEndpoint handleCancellation
WARNING: Unmatched cancel notification for request id 315
2024.07.26 20:08:23 INFO  no build target found for H:\Codes\Scala\work\VarExp.scala. Using presentation compiler with project's scala-library version: 3.2.2
2024.07.26 20:08:23 INFO  no build target found for H:\Codes\Scala\work\VarExp.scala. Using presentation compiler with project's scala-library version: 3.2.2
2024.07.26 20:08:23 WARN  Could not find semantic tokens for: file:///H:/Codes/Scala/work/VarExp.scala
2024.07.26 20:08:23 INFO  running doctor check
2024.07.26 20:08:23 INFO  java targets: project_bd2c96d2de-test, project_bd2c96d2de
2024.07.26 20:08:23 INFO  compiling project_bd2c96d2de (1 scala source)
2024.07.26 20:08:23 INFO  time: compiled project_bd2c96d2de in 81ms
2024.07.26 20:08:23 INFO  time: compiled project_bd2c96d2de in 14ms
2024.07.26 20:08:25 INFO  time: indexed workspace in 2.02s
2024.07.26 20:08:26 INFO  time: compiled project_bd2c96d2de in 5ms
2024.07.26 20:08:26 WARN  Could not find semantic tokens for: file:///H:/Codes/Scala/work/VarExp.scala
2024.07.26 20:08:29 WARN  Could not find semantic tokens for: file:///H:/Codes/Scala/work/VarExp.scala
2024.07.26 20:08:29 WARN  Could not find semantic tokens for: file:///H:/Codes/Scala/work/VarExp.scala
2024.07.26 20:08:31 WARN  Could not find semantic tokens for: file:///H:/Codes/Scala/work/VarExp.scala
Jul 26, 2024 8:09:10 PM org.eclipse.lsp4j.jsonrpc.RemoteEndpoint handleCancellation
WARNING: Unmatched cancel notification for request id 541
Jul 26, 2024 8:12:13 PM org.eclipse.lsp4j.jsonrpc.RemoteEndpoint handleCancellation
WARNING: Unmatched cancel notification for request id 630
2024.07.26 20:12:17 INFO  compiling project_bd2c96d2de (1 scala source)
2024.07.26 20:12:17 INFO  time: compiled project_bd2c96d2de in 0.32s
Jul 26, 2024 8:16:58 PM org.eclipse.lsp4j.jsonrpc.RemoteEndpoint handleCancellation
WARNING: Unmatched cancel notification for request id 657
2024.07.26 20:17:39 INFO  time: compiled project_bd2c96d2de in 19ms
2024.07.26 20:17:39 INFO  time: compiled project_bd2c96d2de in 5ms
2024.07.26 20:17:39 INFO  Deduplicating compilation of project_bd2c96d2de from bsp client 'scala-cli 0.2.0' (since 12m 8.405s)
2024.07.26 20:17:39 INFO  time: compiled project_bd2c96d2de in 7ms
2024.07.26 20:17:39 INFO  time: compiled project_bd2c96d2de in 10ms
2024.07.26 20:17:46 INFO  C:\Users\ajitj\AppData\Local\Coursier\cache\v1\https\repo1.maven.org\maven2\ch\epfl\scala\scala-debug-step-filter_3\3.0.5\scala-debug-step-filter_3-3.0.5.jar
2024.07.26 20:17:46 INFO  C:\Users\ajitj\AppData\Local\Coursier\cache\v1\https\repo1.maven.org\maven2\org\scala-lang\tasty-core_3\3.2.2\tasty-core_3-3.2.2.jar
2024.07.26 20:17:46 INFO  C:\Users\ajitj\AppData\Local\Coursier\cache\v1\https\repo1.maven.org\maven2\org\scala-lang\scala3-library_3\3.2.2\scala3-library_3-3.2.2.jar
2024.07.26 20:17:46 INFO  C:\Users\ajitj\AppData\Local\Coursier\cache\v1\https\repo1.maven.org\maven2\ch\epfl\scala\tasty-query_3\0.3.1\tasty-query_3-0.3.1.jar
2024.07.26 20:17:46 INFO  C:\Users\ajitj\AppData\Local\Coursier\cache\v1\https\repo1.maven.org\maven2\org\scala-lang\scala-library\2.13.10\scala-library-2.13.10.jar
2024.07.26 20:17:50 INFO  C:\Users\ajitj\AppData\Local\Coursier\cache\v1\https\repo1.maven.org\maven2\ch\epfl\scala\scala-debug-step-filter_3\3.0.5\scala-debug-step-filter_3-3.0.5.jar
2024.07.26 20:17:50 INFO  C:\Users\ajitj\AppData\Local\Coursier\cache\v1\https\repo1.maven.org\maven2\org\scala-lang\tasty-core_3\3.2.2\tasty-core_3-3.2.2.jar
2024.07.26 20:17:50 INFO  C:\Users\ajitj\AppData\Local\Coursier\cache\v1\https\repo1.maven.org\maven2\org\scala-lang\scala3-library_3\3.2.2\scala3-library_3-3.2.2.jar
2024.07.26 20:17:50 INFO  C:\Users\ajitj\AppData\Local\Coursier\cache\v1\https\repo1.maven.org\maven2\ch\epfl\scala\tasty-query_3\0.3.1\tasty-query_3-0.3.1.jar
2024.07.26 20:17:50 INFO  C:\Users\ajitj\AppData\Local\Coursier\cache\v1\https\repo1.maven.org\maven2\org\scala-lang\scala-library\2.13.10\scala-library-2.13.10.jar
2024.07.26 20:17:50 WARN  Cannot list the source files in C:\Users\ajitj\AppData\Local\Coursier\cache\arc\https\github.com\adoptium\temurin17-binaries\releases\download\jdk-17%252B35\OpenJDK17-jdk_x64_windows_hotspot_17_35.zip\jdk-17+35\lib\src.zip: null
2024.07.26 20:17:53 INFO  Configured debugger context in 3 seconds
2024.07.26 20:17:53 INFO  tracing is disabled for protocol dap-server, to enable tracing of incoming and outgoing JSON messages create an empty file at H:\Codes\Scala\work\.metals\dap-server.trace.json or C:\Users\ajitj\AppData\Local\scalameta\metals\cache\dap-server.trace.json
2024.07.26 20:17:54 INFO  tracing is disabled for protocol dap-client, to enable tracing of incoming and outgoing JSON messages create an empty file at H:\Codes\Scala\work\.metals\dap-client.trace.json or C:\Users\ajitj\AppData\Local\scalameta\metals\cache\dap-client.trace.json
2024.07.26 20:17:54 INFO  Starting debug proxy for [VarExp]
2024.07.26 20:17:56 INFO  Trying to attach to remote debuggee VM kubernetes.docker.internal:55591 .
2024.07.26 20:17:56 INFO  Attaching to debuggee VM succeeded.
2024.07.26 20:17:57 INFO  Canceling debug proxy for [VarExp]
2024.07.26 20:17:56 INFO  Closing debug server tcp://0.0.0.0:55585
2024.07.26 20:17:59 INFO  Configured debugger context in 12 seconds
2024.07.26 20:17:59 INFO  tracing is disabled for protocol dap-server, to enable tracing of incoming and outgoing JSON messages create an empty file at H:\Codes\Scala\work\.metals\dap-server.trace.json or C:\Users\ajitj\AppData\Local\scalameta\metals\cache\dap-server.trace.json
2024.07.26 20:17:59 INFO  tracing is disabled for protocol dap-client, to enable tracing of incoming and outgoing JSON messages create an empty file at H:\Codes\Scala\work\.metals\dap-client.trace.json or C:\Users\ajitj\AppData\Local\scalameta\metals\cache\dap-client.trace.json
2024.07.26 20:18:00 INFO  Starting debug proxy for [VarExp]
2024.07.26 20:17:59 INFO  Trying to attach to remote debuggee VM kubernetes.docker.internal:55594 .
2024.07.26 20:17:59 INFO  Attaching to debuggee VM succeeded.
2024.07.26 20:18:00 INFO  Canceling debug proxy for [VarExp]
2024.07.26 20:17:59 INFO  Closing debug server tcp://0.0.0.0:55584
2024.07.26 20:19:59 INFO  Running List(C:\Users\ajitj\AppData\Local\Coursier\data\bin\scala-cli.BAT, bsp, --workspace, H:\Codes\Scala\work\.metals-scala-cli, H:\Codes\Scala\work\VarExp.scala)
2024.07.26 20:19:59 INFO  tracing is disabled for protocol BSP, to enable tracing of incoming and outgoing JSON messages create an empty file at H:\Codes\Scala\work\.metals\bsp.trace.json or C:\Users\ajitj\AppData\Local\scalameta\metals\cache\bsp.trace.json
2024.07.26 20:20:03 INFO  Connected to Scala CLI server v0.2.0
2024.07.26 20:20:03 INFO  compiling project_bd2c96d2de-a0ab91c6aa (1 scala source)
2024.07.26 20:20:03 INFO  time: compiled project_bd2c96d2de-a0ab91c6aa in 0.49s
2024.07.26 20:20:03 INFO  time: compiled project_bd2c96d2de-a0ab91c6aa in 18ms
2024.07.26 20:20:05 INFO  time: indexed workspace in 1.81s
2024.07.26 20:20:06 INFO  time: compiled project_bd2c96d2de-a0ab91c6aa in 4ms
2024.07.26 20:20:06 INFO  Scala CLI started for H:\Codes\Scala\work\VarExp.scala
2024.07.26 20:22:01 INFO  Shutting down server
2024.07.26 20:22:01 INFO  shutting down Metals
2024.07.26 20:22:01 INFO  Shut down connection with build server.
2024.07.26 20:22:01 INFO  Shut down connection with build server.
2024.07.26 20:22:02 INFO  Exiting server
2024.07.26 20:23:41 INFO  Started: Metals version 1.3.4 in folders 'H:\Codes\Scala\work' for client Visual Studio Code 1.91.1.
SLF4J(W): Class path contains multiple SLF4J providers.
SLF4J(W): Found provider [scribe.slf4j.ScribeServiceProvider@6a279c87]
SLF4J(W): Found provider [ch.qos.logback.classic.spi.LogbackServiceProvider@558fa206]
SLF4J(W): See https://www.slf4j.org/codes.html#multiple_bindings for an explanation.
SLF4J(I): Actual provider is of type [scribe.slf4j.ScribeServiceProvider@6a279c87]
2024.07.26 20:23:43 WARN  Flyway upgrade recommended: H2 2.3.230 is newer than this version of Flyway and support has not been tested. The latest supported version of H2 is 2.2.220.
2024.07.26 20:23:45 INFO  Attempting to connect to the build server...
2024.07.26 20:23:45 INFO  Running BSP server List(C:\Users\ajitj\AppData\Local\Coursier\data\bin\.scala-cli.aux.exe, bsp, --json-options, H:\Codes\Scala\work\.scala-build\ide-options-v2.json, H:\Codes\Scala\work)
2024.07.26 20:23:45 INFO  tracing is disabled for protocol BSP, to enable tracing of incoming and outgoing JSON messages create an empty file at H:\Codes\Scala\work\.metals\bsp.trace.json or C:\Users\ajitj\AppData\Local\scalameta\metals\cache\bsp.trace.json
2024.07.26 20:23:46 INFO  no build target found for H:\Codes\Scala\work\VarExp.scala. Using presentation compiler with project's scala-library version: 3.3.3
2024.07.26 20:23:54 INFO  time: Connected to build server in 9.38s
2024.07.26 20:23:54 INFO  Connected to Build server: scala-cli v0.2.0
2024.07.26 20:23:54 INFO  running doctor check
2024.07.26 20:23:54 INFO  java targets: project_bd2c96d2de-test, project_bd2c96d2de
2024.07.26 20:23:55 INFO  time: compiled project_bd2c96d2de in 19ms
2024.07.26 20:23:55 INFO  time: compiled project_bd2c96d2de in 8ms
2024.07.26 20:23:58 WARN  Flyway upgrade recommended: H2 2.3.230 is newer than this version of Flyway and support has not been tested. The latest supported version of H2 is 2.2.220.
2024.07.26 20:24:00 INFO  time: indexed workspace in 5.28s
2024.07.26 20:24:03 INFO  time: compiled project_bd2c96d2de in 7ms
2024.07.26 20:24:03 INFO  time: compiled project_bd2c96d2de in 4ms
2024.07.26 20:24:42 INFO  compiling project_bd2c96d2de (1 scala source)
2024.07.26 20:24:42 INFO  time: compiled project_bd2c96d2de in 0.6s
Jul 26, 2024 8:26:12 PM org.eclipse.lsp4j.jsonrpc.RemoteEndpoint handleCancellation
WARNING: Unmatched cancel notification for request id 139
2024.07.26 20:26:57 INFO  compiling project_bd2c96d2de (1 scala source)
2024.07.26 20:26:57 INFO  time: compiled project_bd2c96d2de in 0.16s
2024.07.26 20:27:03 INFO  compiling project_bd2c96d2de (1 scala source)
2024.07.26 20:27:03 INFO  time: compiled project_bd2c96d2de in 85ms
2024.07.26 20:28:10 INFO  compiling project_bd2c96d2de (1 scala source)
2024.07.26 20:28:10 INFO  time: compiled project_bd2c96d2de in 0.38s
Jul 26, 2024 8:28:21 PM org.eclipse.lsp4j.jsonrpc.RemoteEndpoint handleCancellation
WARNING: Unmatched cancel notification for request id 434
2024.07.26 20:28:28 INFO  compiling project_bd2c96d2de (1 scala source)
2024.07.26 20:28:28 INFO  time: compiled project_bd2c96d2de in 0.24s
2024.07.26 20:28:41 INFO  compiling project_bd2c96d2de (1 scala source)
2024.07.26 20:28:41 INFO  time: compiled project_bd2c96d2de in 0.22s
Jul 26, 2024 8:29:16 PM org.eclipse.lsp4j.jsonrpc.RemoteEndpoint handleCancellation
WARNING: Unmatched cancel notification for request id 621
2024.07.26 20:29:23 INFO  compiling project_bd2c96d2de (1 scala source)
2024.07.26 20:29:23 INFO  time: compiled project_bd2c96d2de in 0.32s
2024.07.26 20:31:24 ERROR Failed to tokenize input for semantic tokens for H:\Codes\Scala\work\VarExp.scala
scala.meta.tokenizers.TokenizeException: <input>:7: error: unclosed string literal
        println("Ajit\");
                ^
	at scala.meta.internal.tokenizers.Reporter.syntaxError(Reporter.scala:23)
	at scala.meta.internal.tokenizers.Reporter.syntaxError$(Reporter.scala:23)
	at scala.meta.internal.tokenizers.Reporter$$anon$1.syntaxError(Reporter.scala:32)
	at scala.meta.internal.tokenizers.Reporter.syntaxError(Reporter.scala:25)
	at scala.meta.internal.tokenizers.Reporter.syntaxError$(Reporter.scala:25)
	at scala.meta.internal.tokenizers.Reporter$$anon$1.syntaxError(Reporter.scala:32)
	at scala.meta.internal.tokenizers.LegacyScanner.getStringLit(LegacyScanner.scala:509)
	at scala.meta.internal.tokenizers.LegacyScanner.fetchDoubleQuote$1(LegacyScanner.scala:361)
	at scala.meta.internal.tokenizers.LegacyScanner.fetchToken(LegacyScanner.scala:363)
	at scala.meta.internal.tokenizers.LegacyScanner.nextToken(LegacyScanner.scala:201)
	at scala.meta.internal.tokenizers.LegacyScanner.foreach(LegacyScanner.scala:912)
	at scala.meta.internal.tokenizers.ScalametaTokenizer.uncachedTokenize(ScalametaTokenizer.scala:23)
	at scala.meta.internal.tokenizers.ScalametaTokenizer.$anonfun$tokenize$1(ScalametaTokenizer.scala:17)
	at scala.collection.concurrent.TrieMap.getOrElseUpdate(TrieMap.scala:960)
	at scala.meta.internal.tokenizers.ScalametaTokenizer.tokenize(ScalametaTokenizer.scala:17)
	at scala.meta.internal.tokenizers.ScalametaTokenizer$$anon$2.apply(ScalametaTokenizer.scala:322)
	at scala.meta.tokenizers.Api$XtensionTokenizeDialectInput.tokenize(Api.scala:22)
	at scala.meta.tokenizers.Api$XtensionTokenizeInputLike.tokenize(Api.scala:13)
	at scala.meta.internal.metals.SemanticTokensProvider$.getTokens(SemanticTokensProvider.scala:28)
	at scala.meta.internal.metals.SemanticTokensProvider$.provide(SemanticTokensProvider.scala:89)
	at scala.meta.internal.metals.Compilers.$anonfun$semanticTokens$3(Compilers.scala:561)
	at scala.concurrent.impl.Promise$Transformation.run(Promise.scala:467)
	at java.util.concurrent.ThreadPoolExecutor.runWorker(ThreadPoolExecutor.java:1136)
	at java.util.concurrent.ThreadPoolExecutor$Worker.run(ThreadPoolExecutor.java:635)
	at java.lang.Thread.run(Thread.java:833)

2024.07.26 20:31:28 INFO  compiling project_bd2c96d2de (1 scala source)
2024.07.26 20:31:28 INFO  time: compiled project_bd2c96d2de in 0.27s
2024.07.26 20:31:43 INFO  compiling project_bd2c96d2de (1 scala source)
2024.07.26 20:31:43 INFO  time: compiled project_bd2c96d2de in 0.25s
2024.07.26 20:32:33 INFO  Shutting down server
2024.07.26 20:32:33 INFO  shutting down Metals
2024.07.26 20:32:33 INFO  Shut down connection with build server.
2024.07.26 20:32:33 INFO  Exiting server
